<?xml version="1.0" encoding="UTF-8"?>
<!-- Generated by org.testng.reporters.JUnitReportReporter -->
<testsuite skipped="0" hostname="DESKTOP-0TKBUGG" name="com.psr.TestCases.ImportExcelForAllColumns" tests="1" failures="0" timestamp="08 Nov 2020 06:08:14 GMT" time="98.261" errors="0">
  <testcase name="ImportExcel" time="98.261" classname="com.psr.TestCases.ImportExcelForAllColumns"/>
</testsuite> <!-- com.psr.TestCases.ImportExcelForAllColumns -->
