<?xml version="1.0" encoding="UTF-8"?>
<!-- Generated by org.testng.reporters.JUnitReportReporter -->
<testsuite skipped="0" hostname="DESKTOP-0TKBUGG" name="com.psr.TestCases.ShowandHid" tests="1" failures="0" timestamp="09 Mar 2021 09:11:46 GMT" time="112.634" errors="0">
  <testcase name="ShowAndHide" time="112.634" classname="com.psr.TestCases.ShowandHid"/>
</testsuite> <!-- com.psr.TestCases.ShowandHid -->
