<?xml version="1.0" encoding="UTF-8"?>
<!-- Generated by org.testng.reporters.JUnitReportReporter -->
<testsuite skipped="0" hostname="DESKTOP-0TKBUGG" name="com.psr.TestCases.Test12" tests="1" failures="0" timestamp="09 Mar 2021 13:57:17 GMT" time="3.024" errors="0">
  <testcase name="Editable" time="3.024" classname="com.psr.TestCases.Test12"/>
</testsuite> <!-- com.psr.TestCases.Test12 -->
